# JRE version: OpenJDK Runtime Environment (8.0_51-b16) (build 1.8.0_51-b16)
# Java VM: OpenJDK 64-Bit Server VM (25.51-b03 mixed mode linux-amd64 compressed oops)
Heap:
 def new generation   total 9280K, used 0K [0x00000000e2a00000, 0x00000000e3410000, 0x00000000ec6a0000)
  eden space 8256K,   0% used [0x00000000e2a00000, 0x00000000e2a00000, 0x00000000e3210000)
  from space 1024K,   0% used [0x00000000e3210000, 0x00000000e3210000, 0x00000000e3310000)
  to   space 1024K,   0% used [0x00000000e3310000, 0x00000000e3310000, 0x00000000e3410000)
 tenured generation   total 20480K, used 5741K [0x00000000ec6a0000, 0x00000000edaa0000, 0x0000000100000000)
   the space 20480K,  28% used [0x00000000ec6a0000, 0x00000000ecc3b4b0, 0x00000000ecc3b600, 0x00000000edaa0000)
 Metaspace       used 14099K, capacity 14344K, committed 14720K, reserved 1062912K
  class space    used 1498K, capacity 1582K, committed 1664K, reserved 1048576K
GC Heap History (10 events):
Event: 3.137 GC heap before
{Heap before GC invocations=4 (full 0):
 def new generation   total 9216K, used 9169K [0x00000000e2a00000, 0x00000000e3400000, 0x00000000ec6a0000)
  eden space 8192K,  99% used [0x00000000e2a00000, 0x00000000e31fbd50, 0x00000000e3200000)
  from space 1024K,  97% used [0x00000000e3200000, 0x00000000e32f8918, 0x00000000e3300000)
  to   space 1024K,   0% used [0x00000000e3300000, 0x00000000e3300000, 0x00000000e3400000)
 tenured generation   total 20480K, used 3657K [0x00000000ec6a0000, 0x00000000edaa0000, 0x0000000100000000)
   the space 20480K,  17% used [0x00000000ec6a0000, 0x00000000eca325c8, 0x00000000eca32600, 0x00000000edaa0000)
 Metaspace       used 12798K, capacity 13128K, committed 13312K, reserved 1060864K
  class space    used 1356K, capacity 1454K, committed 1536K, reserved 1048576K
Event: 3.144 GC heap after
Heap after GC invocations=5 (full 0):
 def new generation   total 9216K, used 1023K [0x00000000e2a00000, 0x00000000e3400000, 0x00000000ec6a0000)
  eden space 8192K,   0% used [0x00000000e2a00000, 0x00000000e2a00000, 0x00000000e3200000)
  from space 1024K,  99% used [0x00000000e3300000, 0x00000000e33ffff8, 0x00000000e3400000)
  to   space 1024K,   0% used [0x00000000e3200000, 0x00000000e3200000, 0x00000000e3300000)
 tenured generation   total 20480K, used 4744K [0x00000000ec6a0000, 0x00000000edaa0000, 0x0000000100000000)
   the space 20480K,  23% used [0x00000000ec6a0000, 0x00000000ecb42090, 0x00000000ecb42200, 0x00000000edaa0000)
 Metaspace       used 12798K, capacity 13128K, committed 13312K, reserved 1060864K
  class space    used 1356K, capacity 1454K, committed 1536K, reserved 1048576K
}
Event: 3.442 GC heap before
{Heap before GC invocations=5 (full 0):
 def new generation   total 9216K, used 9215K [0x00000000e2a00000, 0x00000000e3400000, 0x00000000ec6a0000)
  eden space 8192K, 100% used [0x00000000e2a00000, 0x00000000e3200000, 0x00000000e3200000)
  from space 1024K,  99% used [0x00000000e3300000, 0x00000000e33ffff8, 0x00000000e3400000)
  to   space 1024K,   0% used [0x00000000e3200000, 0x00000000e3200000, 0x00000000e3300000)
 tenured generation   total 20480K, used 4744K [0x00000000ec6a0000, 0x00000000edaa0000, 0x0000000100000000)
   the space 20480K,  23% used [0x00000000ec6a0000, 0x00000000ecb42090, 0x00000000ecb42200, 0x00000000edaa0000)
 Metaspace       used 13220K, capacity 13448K, committed 13824K, reserved 1060864K
  class space    used 1389K, capacity 1454K, committed 1536K, reserved 1048576K
Event: 3.449 GC heap after
Heap after GC invocations=6 (full 0):
 def new generation   total 9216K, used 1012K [0x00000000e2a00000, 0x00000000e3400000, 0x00000000ec6a0000)
  eden space 8192K,   0% used [0x00000000e2a00000, 0x00000000e2a00000, 0x00000000e3200000)
  from space 1024K,  98% used [0x00000000e3200000, 0x00000000e32fd328, 0x00000000e3300000)
  to   space 1024K,   0% used [0x00000000e3300000, 0x00000000e3300000, 0x00000000e3400000)
 tenured generation   total 20480K, used 5782K [0x00000000ec6a0000, 0x00000000edaa0000, 0x0000000100000000)
   the space 20480K,  28% used [0x00000000ec6a0000, 0x00000000ecc45be0, 0x00000000ecc45c00, 0x00000000edaa0000)
 Metaspace       used 13220K, capacity 13448K, committed 13824K, reserved 1060864K
  class space    used 1389K, capacity 1454K, committed 1536K, reserved 1048576K
}
Event: 3.620 GC heap before
{Heap before GC invocations=6 (full 0):
 def new generation   total 9216K, used 9204K [0x00000000e2a00000, 0x00000000e3400000, 0x00000000ec6a0000)
  eden space 8192K, 100% used [0x00000000e2a00000, 0x00000000e3200000, 0x00000000e3200000)
  from space 1024K,  98% used [0x00000000e3200000, 0x00000000e32fd328, 0x00000000e3300000)
  to   space 1024K,   0% used [0x00000000e3300000, 0x00000000e3300000, 0x00000000e3400000)
 tenured generation   total 20480K, used 5782K [0x00000000ec6a0000, 0x00000000edaa0000, 0x0000000100000000)
   the space 20480K,  28% used [0x00000000ec6a0000, 0x00000000ecc45be0, 0x00000000ecc45c00, 0x00000000edaa0000)
 Metaspace       used 13358K, capacity 13640K, committed 13824K, reserved 1060864K
  class space    used 1404K, capacity 1454K, committed 1536K, reserved 1048576K
Event: 3.623 GC heap after
Heap after GC invocations=7 (full 0):
 def new generation   total 9216K, used 731K [0x00000000e2a00000, 0x00000000e3400000, 0x00000000ec6a0000)
  eden space 8192K,   0% used [0x00000000e2a00000, 0x00000000e2a00000, 0x00000000e3200000)
  from space 1024K,  71% used [0x00000000e3300000, 0x00000000e33b6c80, 0x00000000e3400000)
  to   space 1024K,   0% used [0x00000000e3200000, 0x00000000e3200000, 0x00000000e3300000)
 tenured generation   total 20480K, used 6076K [0x00000000ec6a0000, 0x00000000edaa0000, 0x0000000100000000)
   the space 20480K,  29% used [0x00000000ec6a0000, 0x00000000ecc8f3f0, 0x00000000ecc8f400, 0x00000000edaa0000)
 Metaspace       used 13358K, capacity 13640K, committed 13824K, reserved 1060864K
  class space    used 1404K, capacity 1454K, committed 1536K, reserved 1048576K
}
Event: 3.978 GC heap before
{Heap before GC invocations=7 (full 0):
 def new generation   total 9216K, used 8923K [0x00000000e2a00000, 0x00000000e3400000, 0x00000000ec6a0000)
  eden space 8192K, 100% used [0x00000000e2a00000, 0x00000000e3200000, 0x00000000e3200000)
  from space 1024K,  71% used [0x00000000e3300000, 0x00000000e33b6c80, 0x00000000e3400000)
  to   space 1024K,   0% used [0x00000000e3200000, 0x00000000e3200000, 0x00000000e3300000)
 tenured generation   total 20480K, used 6076K [0x00000000ec6a0000, 0x00000000edaa0000, 0x0000000100000000)
   the space 20480K,  29% used [0x00000000ec6a0000, 0x00000000ecc8f3f0, 0x00000000ecc8f400, 0x00000000edaa0000)
 Metaspace       used 14060K, capacity 14312K, committed 14720K, reserved 1062912K
  class space    used 1493K, capacity 1550K, committed 1664K, reserved 1048576K
Event: 3.983 GC heap after
Heap after GC invocations=8 (full 0):
 def new generation   total 9216K, used 815K [0x00000000e2a00000, 0x00000000e3400000, 0x00000000ec6a0000)
  eden space 8192K,   0% used [0x00000000e2a00000, 0x00000000e2a00000, 0x00000000e3200000)
  from space 1024K,  79% used [0x00000000e3200000, 0x00000000e32cbee8, 0x00000000e3300000)
  to   space 1024K,   0% used [0x00000000e3300000, 0x00000000e3300000, 0x00000000e3400000)
 tenured generation   total 20480K, used 6189K [0x00000000ec6a0000, 0x00000000edaa0000, 0x0000000100000000)
   the space 20480K,  30% used [0x00000000ec6a0000, 0x00000000eccab770, 0x00000000eccab800, 0x00000000edaa0000)
 Metaspace       used 14060K, capacity 14312K, committed 14720K, reserved 1062912K
  class space    used 1493K, capacity 1550K, committed 1664K, reserved 1048576K
}
Event: 3.995 GC heap before
{Heap before GC invocations=8 (full 0):
 def new generation   total 9216K, used 1033K [0x00000000e2a00000, 0x00000000e3400000, 0x00000000ec6a0000)
  eden space 8192K,   2% used [0x00000000e2a00000, 0x00000000e2a366c0, 0x00000000e3200000)
  from space 1024K,  79% used [0x00000000e3200000, 0x00000000e32cbee8, 0x00000000e3300000)
  to   space 1024K,   0% used [0x00000000e3300000, 0x00000000e3300000, 0x00000000e3400000)
 tenured generation   total 20480K, used 6189K [0x00000000ec6a0000, 0x00000000edaa0000, 0x0000000100000000)
   the space 20480K,  30% used [0x00000000ec6a0000, 0x00000000eccab770, 0x00000000eccab800, 0x00000000edaa0000)
 Metaspace       used 14099K, capacity 14344K, committed 14720K, reserved 1062912K
  class space    used 1498K, capacity 1582K, committed 1664K, reserved 1048576K
Event: 4.025 GC heap after
Heap after GC invocations=9 (full 1):
 def new generation   total 9280K, used 0K [0x00000000e2a00000, 0x00000000e3410000, 0x00000000ec6a0000)
  eden space 8256K,   0% used [0x00000000e2a00000, 0x00000000e2a00000, 0x00000000e3210000)
  from space 1024K,   0% used [0x00000000e3210000, 0x00000000e3210000, 0x00000000e3310000)
  to   space 1024K,   0% used [0x00000000e3310000, 0x00000000e3310000, 0x00000000e3410000)
 tenured generation   total 20480K, used 5741K [0x00000000ec6a0000, 0x00000000edaa0000, 0x0000000100000000)
   the space 20480K,  28% used [0x00000000ec6a0000, 0x00000000ecc3b4b0, 0x00000000ecc3b600, 0x00000000edaa0000)
 Metaspace       used 14099K, capacity 14344K, committed 14720K, reserved 1062912K
  class space    used 1498K, capacity 1582K, committed 1664K, reserved 1048576K
}

