# JRE version: OpenJDK Runtime Environment (8.0_51-b16) (build 1.8.0_51-b16)
# Java VM: OpenJDK 64-Bit Server VM (25.51-b03 mixed mode linux-amd64 compressed oops)
Heap:
 def new generation   total 9280K, used 0K [0x00000000e2a00000, 0x00000000e3410000, 0x00000000ec6a0000)
  eden space 8256K,   0% used [0x00000000e2a00000, 0x00000000e2a00000, 0x00000000e3210000)
  from space 1024K,   0% used [0x00000000e3210000, 0x00000000e3210000, 0x00000000e3310000)
  to   space 1024K,   0% used [0x00000000e3310000, 0x00000000e3310000, 0x00000000e3410000)
 tenured generation   total 20480K, used 5629K [0x00000000ec6a0000, 0x00000000edaa0000, 0x0000000100000000)
   the space 20480K,  27% used [0x00000000ec6a0000, 0x00000000ecc1f518, 0x00000000ecc1f600, 0x00000000edaa0000)
 Metaspace       used 14109K, capacity 14408K, committed 14720K, reserved 1062912K
  class space    used 1501K, capacity 1582K, committed 1664K, reserved 1048576K
GC Heap History (10 events):
Event: 41.445 GC heap before
{Heap before GC invocations=4 (full 0):
 def new generation   total 9216K, used 9178K [0x00000000e2a00000, 0x00000000e3400000, 0x00000000ec6a0000)
  eden space 8192K, 100% used [0x00000000e2a00000, 0x00000000e3200000, 0x00000000e3200000)
  from space 1024K,  96% used [0x00000000e3200000, 0x00000000e32f6b18, 0x00000000e3300000)
  to   space 1024K,   0% used [0x00000000e3300000, 0x00000000e3300000, 0x00000000e3400000)
 tenured generation   total 20480K, used 3646K [0x00000000ec6a0000, 0x00000000edaa0000, 0x0000000100000000)
   the space 20480K,  17% used [0x00000000ec6a0000, 0x00000000eca2fa00, 0x00000000eca2fa00, 0x00000000edaa0000)
 Metaspace       used 12714K, capacity 12968K, committed 13312K, reserved 1060864K
  class space    used 1349K, capacity 1422K, committed 1536K, reserved 1048576K
Event: 41.507 GC heap after
Heap after GC invocations=5 (full 0):
 def new generation   total 9216K, used 1024K [0x00000000e2a00000, 0x00000000e3400000, 0x00000000ec6a0000)
  eden space 8192K,   0% used [0x00000000e2a00000, 0x00000000e2a00000, 0x00000000e3200000)
  from space 1024K, 100% used [0x00000000e3300000, 0x00000000e3400000, 0x00000000e3400000)
  to   space 1024K,   0% used [0x00000000e3200000, 0x00000000e3200000, 0x00000000e3300000)
 tenured generation   total 20480K, used 4666K [0x00000000ec6a0000, 0x00000000edaa0000, 0x0000000100000000)
   the space 20480K,  22% used [0x00000000ec6a0000, 0x00000000ecb2eb70, 0x00000000ecb2ec00, 0x00000000edaa0000)
 Metaspace       used 12714K, capacity 12968K, committed 13312K, reserved 1060864K
  class space    used 1349K, capacity 1422K, committed 1536K, reserved 1048576K
}
Event: 43.644 GC heap before
{Heap before GC invocations=5 (full 0):
 def new generation   total 9216K, used 9216K [0x00000000e2a00000, 0x00000000e3400000, 0x00000000ec6a0000)
  eden space 8192K, 100% used [0x00000000e2a00000, 0x00000000e3200000, 0x00000000e3200000)
  from space 1024K, 100% used [0x00000000e3300000, 0x00000000e3400000, 0x00000000e3400000)
  to   space 1024K,   0% used [0x00000000e3200000, 0x00000000e3200000, 0x00000000e3300000)
 tenured generation   total 20480K, used 4666K [0x00000000ec6a0000, 0x00000000edaa0000, 0x0000000100000000)
   the space 20480K,  22% used [0x00000000ec6a0000, 0x00000000ecb2eb70, 0x00000000ecb2ec00, 0x00000000edaa0000)
 Metaspace       used 13193K, capacity 13448K, committed 13824K, reserved 1060864K
  class space    used 1388K, capacity 1454K, committed 1536K, reserved 1048576K
Event: 43.706 GC heap after
Heap after GC invocations=6 (full 0):
 def new generation   total 9216K, used 1022K [0x00000000e2a00000, 0x00000000e3400000, 0x00000000ec6a0000)
  eden space 8192K,   0% used [0x00000000e2a00000, 0x00000000e2a00000, 0x00000000e3200000)
  from space 1024K,  99% used [0x00000000e3200000, 0x00000000e32ffb68, 0x00000000e3300000)
  to   space 1024K,   0% used [0x00000000e3300000, 0x00000000e3300000, 0x00000000e3400000)
 tenured generation   total 20480K, used 5684K [0x00000000ec6a0000, 0x00000000edaa0000, 0x0000000100000000)
   the space 20480K,  27% used [0x00000000ec6a0000, 0x00000000ecc2d390, 0x00000000ecc2d400, 0x00000000edaa0000)
 Metaspace       used 13193K, capacity 13448K, committed 13824K, reserved 1060864K
  class space    used 1388K, capacity 1454K, committed 1536K, reserved 1048576K
}
Event: 45.426 GC heap before
{Heap before GC invocations=6 (full 0):
 def new generation   total 9216K, used 9214K [0x00000000e2a00000, 0x00000000e3400000, 0x00000000ec6a0000)
  eden space 8192K, 100% used [0x00000000e2a00000, 0x00000000e3200000, 0x00000000e3200000)
  from space 1024K,  99% used [0x00000000e3200000, 0x00000000e32ffb68, 0x00000000e3300000)
  to   space 1024K,   0% used [0x00000000e3300000, 0x00000000e3300000, 0x00000000e3400000)
 tenured generation   total 20480K, used 5684K [0x00000000ec6a0000, 0x00000000edaa0000, 0x0000000100000000)
   the space 20480K,  27% used [0x00000000ec6a0000, 0x00000000ecc2d390, 0x00000000ecc2d400, 0x00000000edaa0000)
 Metaspace       used 13341K, capacity 13576K, committed 13824K, reserved 1060864K
  class space    used 1403K, capacity 1454K, committed 1536K, reserved 1048576K
Event: 45.468 GC heap after
Heap after GC invocations=7 (full 0):
 def new generation   total 9216K, used 607K [0x00000000e2a00000, 0x00000000e3400000, 0x00000000ec6a0000)
  eden space 8192K,   0% used [0x00000000e2a00000, 0x00000000e2a00000, 0x00000000e3200000)
  from space 1024K,  59% used [0x00000000e3300000, 0x00000000e3397d80, 0x00000000e3400000)
  to   space 1024K,   0% used [0x00000000e3200000, 0x00000000e3200000, 0x00000000e3300000)
 tenured generation   total 20480K, used 6106K [0x00000000ec6a0000, 0x00000000edaa0000, 0x0000000100000000)
   the space 20480K,  29% used [0x00000000ec6a0000, 0x00000000ecc96b00, 0x00000000ecc96c00, 0x00000000edaa0000)
 Metaspace       used 13341K, capacity 13576K, committed 13824K, reserved 1060864K
  class space    used 1403K, capacity 1454K, committed 1536K, reserved 1048576K
}
Event: 51.397 GC heap before
{Heap before GC invocations=7 (full 0):
 def new generation   total 9216K, used 8799K [0x00000000e2a00000, 0x00000000e3400000, 0x00000000ec6a0000)
  eden space 8192K, 100% used [0x00000000e2a00000, 0x00000000e3200000, 0x00000000e3200000)
  from space 1024K,  59% used [0x00000000e3300000, 0x00000000e3397d80, 0x00000000e3400000)
  to   space 1024K,   0% used [0x00000000e3200000, 0x00000000e3200000, 0x00000000e3300000)
 tenured generation   total 20480K, used 6106K [0x00000000ec6a0000, 0x00000000edaa0000, 0x0000000100000000)
   the space 20480K,  29% used [0x00000000ec6a0000, 0x00000000ecc96b00, 0x00000000ecc96c00, 0x00000000edaa0000)
 Metaspace       used 14026K, capacity 14312K, committed 14720K, reserved 1062912K
  class space    used 1492K, capacity 1550K, committed 1664K, reserved 1048576K
Event: 51.459 GC heap after
Heap after GC invocations=8 (full 0):
 def new generation   total 9216K, used 824K [0x00000000e2a00000, 0x00000000e3400000, 0x00000000ec6a0000)
  eden space 8192K,   0% used [0x00000000e2a00000, 0x00000000e2a00000, 0x00000000e3200000)
  from space 1024K,  80% used [0x00000000e3200000, 0x00000000e32ce1e0, 0x00000000e3300000)
  to   space 1024K,   0% used [0x00000000e3300000, 0x00000000e3300000, 0x00000000e3400000)
 tenured generation   total 20480K, used 6220K [0x00000000ec6a0000, 0x00000000edaa0000, 0x0000000100000000)
   the space 20480K,  30% used [0x00000000ec6a0000, 0x00000000eccb30a0, 0x00000000eccb3200, 0x00000000edaa0000)
 Metaspace       used 14026K, capacity 14312K, committed 14720K, reserved 1062912K
  class space    used 1492K, capacity 1550K, committed 1664K, reserved 1048576K
}
Event: 53.301 GC heap before
{Heap before GC invocations=8 (full 0):
 def new generation   total 9216K, used 1452K [0x00000000e2a00000, 0x00000000e3400000, 0x00000000ec6a0000)
  eden space 8192K,   7% used [0x00000000e2a00000, 0x00000000e2a9d088, 0x00000000e3200000)
  from space 1024K,  80% used [0x00000000e3200000, 0x00000000e32ce1e0, 0x00000000e3300000)
  to   space 1024K,   0% used [0x00000000e3300000, 0x00000000e3300000, 0x00000000e3400000)
 tenured generation   total 20480K, used 6220K [0x00000000ec6a0000, 0x00000000edaa0000, 0x0000000100000000)
   the space 20480K,  30% used [0x00000000ec6a0000, 0x00000000eccb30a0, 0x00000000eccb3200, 0x00000000edaa0000)
 Metaspace       used 14109K, capacity 14408K, committed 14720K, reserved 1062912K
  class space    used 1501K, capacity 1582K, committed 1664K, reserved 1048576K
Event: 53.478 GC heap after
Heap after GC invocations=9 (full 1):
 def new generation   total 9280K, used 0K [0x00000000e2a00000, 0x00000000e3410000, 0x00000000ec6a0000)
  eden space 8256K,   0% used [0x00000000e2a00000, 0x00000000e2a00000, 0x00000000e3210000)
  from space 1024K,   0% used [0x00000000e3210000, 0x00000000e3210000, 0x00000000e3310000)
  to   space 1024K,   0% used [0x00000000e3310000, 0x00000000e3310000, 0x00000000e3410000)
 tenured generation   total 20480K, used 5629K [0x00000000ec6a0000, 0x00000000edaa0000, 0x0000000100000000)
   the space 20480K,  27% used [0x00000000ec6a0000, 0x00000000ecc1f518, 0x00000000ecc1f600, 0x00000000edaa0000)
 Metaspace       used 14109K, capacity 14408K, committed 14720K, reserved 1062912K
  class space    used 1501K, capacity 1582K, committed 1664K, reserved 1048576K
}

