# JRE version: OpenJDK Runtime Environment (8.0_51-b16) (build 1.8.0_51-b16)
# Java VM: OpenJDK 64-Bit Server VM (25.51-b03 mixed mode linux-amd64 compressed oops)
Heap:
 def new generation   total 9280K, used 0K [0x00000000e2a00000, 0x00000000e3410000, 0x00000000ec6a0000)
  eden space 8256K,   0% used [0x00000000e2a00000, 0x00000000e2a00000, 0x00000000e3210000)
  from space 1024K,   0% used [0x00000000e3210000, 0x00000000e3210000, 0x00000000e3310000)
  to   space 1024K,   0% used [0x00000000e3310000, 0x00000000e3310000, 0x00000000e3410000)
 tenured generation   total 20480K, used 5481K [0x00000000ec6a0000, 0x00000000edaa0000, 0x0000000100000000)
   the space 20480K,  26% used [0x00000000ec6a0000, 0x00000000ecbfa638, 0x00000000ecbfa800, 0x00000000edaa0000)
 Metaspace       used 14094K, capacity 14408K, committed 14720K, reserved 1062912K
  class space    used 1498K, capacity 1582K, committed 1664K, reserved 1048576K
GC Heap History (10 events):
Event: 2.260 GC heap before
{Heap before GC invocations=4 (full 0):
 def new generation   total 9216K, used 9187K [0x00000000e2a00000, 0x00000000e3400000, 0x00000000ec6a0000)
  eden space 8192K, 100% used [0x00000000e2a00000, 0x00000000e3200000, 0x00000000e3200000)
  from space 1024K,  97% used [0x00000000e3200000, 0x00000000e32f8c28, 0x00000000e3300000)
  to   space 1024K,   0% used [0x00000000e3300000, 0x00000000e3300000, 0x00000000e3400000)
 tenured generation   total 20480K, used 3643K [0x00000000ec6a0000, 0x00000000edaa0000, 0x0000000100000000)
   the space 20480K,  17% used [0x00000000ec6a0000, 0x00000000eca2ee40, 0x00000000eca2f000, 0x00000000edaa0000)
 Metaspace       used 12761K, capacity 13064K, committed 13312K, reserved 1060864K
  class space    used 1353K, capacity 1454K, committed 1536K, reserved 1048576K
Event: 2.270 GC heap after
Heap after GC invocations=5 (full 0):
 def new generation   total 9216K, used 1024K [0x00000000e2a00000, 0x00000000e3400000, 0x00000000ec6a0000)
  eden space 8192K,   0% used [0x00000000e2a00000, 0x00000000e2a00000, 0x00000000e3200000)
  from space 1024K, 100% used [0x00000000e3300000, 0x00000000e3400000, 0x00000000e3400000)
  to   space 1024K,   0% used [0x00000000e3200000, 0x00000000e3200000, 0x00000000e3300000)
 tenured generation   total 20480K, used 4681K [0x00000000ec6a0000, 0x00000000edaa0000, 0x0000000100000000)
   the space 20480K,  22% used [0x00000000ec6a0000, 0x00000000ecb32518, 0x00000000ecb32600, 0x00000000edaa0000)
 Metaspace       used 12761K, capacity 13064K, committed 13312K, reserved 1060864K
  class space    used 1353K, capacity 1454K, committed 1536K, reserved 1048576K
}
Event: 2.518 GC heap before
{Heap before GC invocations=5 (full 0):
 def new generation   total 9216K, used 9216K [0x00000000e2a00000, 0x00000000e3400000, 0x00000000ec6a0000)
  eden space 8192K, 100% used [0x00000000e2a00000, 0x00000000e3200000, 0x00000000e3200000)
  from space 1024K, 100% used [0x00000000e3300000, 0x00000000e3400000, 0x00000000e3400000)
  to   space 1024K,   0% used [0x00000000e3200000, 0x00000000e3200000, 0x00000000e3300000)
 tenured generation   total 20480K, used 4681K [0x00000000ec6a0000, 0x00000000edaa0000, 0x0000000100000000)
   the space 20480K,  22% used [0x00000000ec6a0000, 0x00000000ecb32518, 0x00000000ecb32600, 0x00000000edaa0000)
 Metaspace       used 13210K, capacity 13448K, committed 13824K, reserved 1060864K
  class space    used 1389K, capacity 1454K, committed 1536K, reserved 1048576K
Event: 2.525 GC heap after
Heap after GC invocations=6 (full 0):
 def new generation   total 9216K, used 1023K [0x00000000e2a00000, 0x00000000e3400000, 0x00000000ec6a0000)
  eden space 8192K,   0% used [0x00000000e2a00000, 0x00000000e2a00000, 0x00000000e3200000)
  from space 1024K,  99% used [0x00000000e3200000, 0x00000000e32ffef8, 0x00000000e3300000)
  to   space 1024K,   0% used [0x00000000e3300000, 0x00000000e3300000, 0x00000000e3400000)
 tenured generation   total 20480K, used 5779K [0x00000000ec6a0000, 0x00000000edaa0000, 0x0000000100000000)
   the space 20480K,  28% used [0x00000000ec6a0000, 0x00000000ecc44e38, 0x00000000ecc45000, 0x00000000edaa0000)
 Metaspace       used 13210K, capacity 13448K, committed 13824K, reserved 1060864K
  class space    used 1389K, capacity 1454K, committed 1536K, reserved 1048576K
}
Event: 2.665 GC heap before
{Heap before GC invocations=6 (full 0):
 def new generation   total 9216K, used 9215K [0x00000000e2a00000, 0x00000000e3400000, 0x00000000ec6a0000)
  eden space 8192K, 100% used [0x00000000e2a00000, 0x00000000e3200000, 0x00000000e3200000)
  from space 1024K,  99% used [0x00000000e3200000, 0x00000000e32ffef8, 0x00000000e3300000)
  to   space 1024K,   0% used [0x00000000e3300000, 0x00000000e3300000, 0x00000000e3400000)
 tenured generation   total 20480K, used 5779K [0x00000000ec6a0000, 0x00000000edaa0000, 0x0000000100000000)
   the space 20480K,  28% used [0x00000000ec6a0000, 0x00000000ecc44e38, 0x00000000ecc45000, 0x00000000edaa0000)
 Metaspace       used 13359K, capacity 13576K, committed 13824K, reserved 1060864K
  class space    used 1404K, capacity 1454K, committed 1536K, reserved 1048576K
Event: 2.669 GC heap after
Heap after GC invocations=7 (full 0):
 def new generation   total 9216K, used 748K [0x00000000e2a00000, 0x00000000e3400000, 0x00000000ec6a0000)
  eden space 8192K,   0% used [0x00000000e2a00000, 0x00000000e2a00000, 0x00000000e3200000)
  from space 1024K,  73% used [0x00000000e3300000, 0x00000000e33bb0b8, 0x00000000e3400000)
  to   space 1024K,   0% used [0x00000000e3200000, 0x00000000e3200000, 0x00000000e3300000)
 tenured generation   total 20480K, used 6126K [0x00000000ec6a0000, 0x00000000edaa0000, 0x0000000100000000)
   the space 20480K,  29% used [0x00000000ec6a0000, 0x00000000ecc9bb58, 0x00000000ecc9bc00, 0x00000000edaa0000)
 Metaspace       used 13359K, capacity 13576K, committed 13824K, reserved 1060864K
  class space    used 1404K, capacity 1454K, committed 1536K, reserved 1048576K
}
Event: 2.897 GC heap before
{Heap before GC invocations=7 (full 0):
 def new generation   total 9216K, used 8940K [0x00000000e2a00000, 0x00000000e3400000, 0x00000000ec6a0000)
  eden space 8192K, 100% used [0x00000000e2a00000, 0x00000000e3200000, 0x00000000e3200000)
  from space 1024K,  73% used [0x00000000e3300000, 0x00000000e33bb0b8, 0x00000000e3400000)
  to   space 1024K,   0% used [0x00000000e3200000, 0x00000000e3200000, 0x00000000e3300000)
 tenured generation   total 20480K, used 6126K [0x00000000ec6a0000, 0x00000000edaa0000, 0x0000000100000000)
   the space 20480K,  29% used [0x00000000ec6a0000, 0x00000000ecc9bb58, 0x00000000ecc9bc00, 0x00000000edaa0000)
 Metaspace       used 14064K, capacity 14312K, committed 14720K, reserved 1062912K
  class space    used 1494K, capacity 1550K, committed 1664K, reserved 1048576K
Event: 2.901 GC heap after
Heap after GC invocations=8 (full 0):
 def new generation   total 9216K, used 819K [0x00000000e2a00000, 0x00000000e3400000, 0x00000000ec6a0000)
  eden space 8192K,   0% used [0x00000000e2a00000, 0x00000000e2a00000, 0x00000000e3200000)
  from space 1024K,  80% used [0x00000000e3200000, 0x00000000e32cce18, 0x00000000e3300000)
  to   space 1024K,   0% used [0x00000000e3300000, 0x00000000e3300000, 0x00000000e3400000)
 tenured generation   total 20480K, used 6234K [0x00000000ec6a0000, 0x00000000edaa0000, 0x0000000100000000)
   the space 20480K,  30% used [0x00000000ec6a0000, 0x00000000eccb6820, 0x00000000eccb6a00, 0x00000000edaa0000)
 Metaspace       used 14064K, capacity 14312K, committed 14720K, reserved 1062912K
  class space    used 1494K, capacity 1550K, committed 1664K, reserved 1048576K
}
Event: 2.918 GC heap before
{Heap before GC invocations=8 (full 0):
 def new generation   total 9216K, used 1043K [0x00000000e2a00000, 0x00000000e3400000, 0x00000000ec6a0000)
  eden space 8192K,   2% used [0x00000000e2a00000, 0x00000000e2a37ee0, 0x00000000e3200000)
  from space 1024K,  80% used [0x00000000e3200000, 0x00000000e32cce18, 0x00000000e3300000)
  to   space 1024K,   0% used [0x00000000e3300000, 0x00000000e3300000, 0x00000000e3400000)
 tenured generation   total 20480K, used 6234K [0x00000000ec6a0000, 0x00000000edaa0000, 0x0000000100000000)
   the space 20480K,  30% used [0x00000000ec6a0000, 0x00000000eccb6820, 0x00000000eccb6a00, 0x00000000edaa0000)
 Metaspace       used 14094K, capacity 14408K, committed 14720K, reserved 1062912K
  class space    used 1498K, capacity 1582K, committed 1664K, reserved 1048576K
Event: 2.943 GC heap after
Heap after GC invocations=9 (full 1):
 def new generation   total 9280K, used 0K [0x00000000e2a00000, 0x00000000e3410000, 0x00000000ec6a0000)
  eden space 8256K,   0% used [0x00000000e2a00000, 0x00000000e2a00000, 0x00000000e3210000)
  from space 1024K,   0% used [0x00000000e3210000, 0x00000000e3210000, 0x00000000e3310000)
  to   space 1024K,   0% used [0x00000000e3310000, 0x00000000e3310000, 0x00000000e3410000)
 tenured generation   total 20480K, used 5481K [0x00000000ec6a0000, 0x00000000edaa0000, 0x0000000100000000)
   the space 20480K,  26% used [0x00000000ec6a0000, 0x00000000ecbfa638, 0x00000000ecbfa800, 0x00000000edaa0000)
 Metaspace       used 14094K, capacity 14408K, committed 14720K, reserved 1062912K
  class space    used 1498K, capacity 1582K, committed 1664K, reserved 1048576K
}

